WARNING:root:Corrupted file: k400/train/jHODDw65G4A.mp4
WARNING:root:Corrupted file: k400/train/jHODDw65G4A.mp4
WARNING:root:Corrupted file: k400/train/jHODDw65G4A.mp4
WARNING:root:[17:01:10] /github/workspace/src/video/video_reader.cc:151: Check failed: st_nb >= 0 (-1381258232 vs. 0) ERROR cannot find video stream with wanted index: -1
WARNING:root:Corrupted file: k400/train/-jGxlNQKkeo.mp4
WARNING:root:[17:01:36] /github/workspace/src/video/video_reader.cc:151: Check failed: st_nb >= 0 (-1381258232 vs. 0) ERROR cannot find video stream with wanted index: -1
INFO:root:Corrupted file: k400/train/1_nxfkY76mk.mp4
INFO:root:[20:01:41] /github/workspace/src/video/video_reader.cc:151: Check failed: st_nb >= 0 (-1381258232 vs. 0) ERROR cannot find video stream with wanted index: -1
INFO:root:Corrupted file: k400/train/MVWayhNpHr0.mp4
INFO:root:Error reading k400/train/MVWayhNpHr0.mp4...
INFO:root:Corrupted file: k400/train/CUxsn4YXksI.mp4
INFO:root:[20:15:30] /github/workspace/src/video/video_reader.cc:151: Check failed: st_nb >= 0 (-1381258232 vs. 0) ERROR cannot find video stream with wanted index: -1
INFO:root:Corrupted file: k400/train/J1x0XlWa6HM.mp4
INFO:root:[20:16:12] /github/workspace/src/video/video_reader.cc:151: Check failed: st_nb >= 0 (-1381258232 vs. 0) ERROR cannot find video stream with wanted index: -1
INFO:root:Corrupted file: k400/train/zwv1q8B6mQI.mp4
INFO:root:Error reading k400/train/zwv1q8B6mQI.mp4...
INFO:root:Corrupted file: k400/train/Zs0_2GMEPXo.mp4
INFO:root:[20:19:54] /github/workspace/src/video/video_reader.cc:151: Check failed: st_nb >= 0 (-1381258232 vs. 0) ERROR cannot find video stream with wanted index: -1
INFO:root:Corrupted file: k400/train/Hm8X9u8jtOk.mp4
INFO:root:[20:21:18] /github/workspace/src/video/video_reader.cc:151: Check failed: st_nb >= 0 (-1381258232 vs. 0) ERROR cannot find video stream with wanted index: -1
INFO:root:Corrupted file: k400/train/GajaQD6qRkw.mp4
INFO:root:[20:30:31] /github/workspace/src/video/video_reader.cc:151: Check failed: st_nb >= 0 (-1381258232 vs. 0) ERROR cannot find video stream with wanted index: -1
INFO:root:Corrupted file: k400/train/UhkXeiMm_s4.mp4
INFO:root:Error reading k400/train/UhkXeiMm_s4.mp4...
INFO:root:Corrupted file: k400/train/U_vYW90hFds.mp4
INFO:root:Error reading k400/train/U_vYW90hFds.mp4...
INFO:root:Corrupted file: k400/train/uz5cIbBTf4Y.mp4
INFO:root:[20:38:44] /github/workspace/src/video/video_reader.cc:151: Check failed: st_nb >= 0 (-1381258232 vs. 0) ERROR cannot find video stream with wanted index: -1
INFO:root:Corrupted file: k400/train/cqUusXBODuw.mp4
INFO:root:[20:41:24] /github/workspace/src/video/video_reader.cc:151: Check failed: st_nb >= 0 (-1381258232 vs. 0) ERROR cannot find video stream with wanted index: -1
INFO:root:Corrupted file: k400/train/28bTQiuymgs.mp4
INFO:root:Error reading k400/train/28bTQiuymgs.mp4...
INFO:root:Corrupted file: k400/train/w5ax4GiTkKg.mp4
INFO:root:[20:43:29] /github/workspace/src/video/video_reader.cc:151: Check failed: st_nb >= 0 (-1381258232 vs. 0) ERROR cannot find video stream with wanted index: -1
INFO:root:Corrupted file: k400/train/i-gzh_BPDa8.mp4
INFO:root:[20:44:13] /github/workspace/src/video/video_reader.cc:151: Check failed: st_nb >= 0 (-1381258232 vs. 0) ERROR cannot find video stream with wanted index: -1
INFO:root:Corrupted file: k400/train/fNFXTBUF3nY.mp4
INFO:root:[20:52:38] /github/workspace/src/video/video_reader.cc:151: Check failed: st_nb >= 0 (-1381258232 vs. 0) ERROR cannot find video stream with wanted index: -1
INFO:root:Corrupted file: k400/train/gKBhQ-oe_9Q.mp4
INFO:root:Error reading k400/train/gKBhQ-oe_9Q.mp4...
INFO:root:Corrupted file: k400/train/FPZplLfJ6J8.mp4
INFO:root:[20:58:16] /github/workspace/src/video/video_reader.cc:151: Check failed: st_nb >= 0 (-1381258232 vs. 0) ERROR cannot find video stream with wanted index: -1
INFO:root:Corrupted file: k400/train/LpaI8vPC0us.mp4
INFO:root:[21:08:44] /github/workspace/src/video/video_reader.cc:151: Check failed: st_nb >= 0 (-1381258232 vs. 0) ERROR cannot find video stream with wanted index: -1
INFO:root:Corrupted file: k400/train/99ABSLQdgUc.mp4
INFO:root:[21:11:18] /github/workspace/src/video/video_reader.cc:151: Check failed: st_nb >= 0 (-1381258232 vs. 0) ERROR cannot find video stream with wanted index: -1
INFO:root:Corrupted file: k400/train/xxUezLcXkDs.mp4
INFO:root:[21:18:00] /github/workspace/src/video/video_reader.cc:151: Check failed: st_nb >= 0 (-1381258232 vs. 0) ERROR cannot find video stream with wanted index: -1
INFO:root:Corrupted file: k400/train/5l5Pdd96Pao.mp4
INFO:root:[21:18:30] /github/workspace/src/video/video_reader.cc:151: Check failed: st_nb >= 0 (-1381258232 vs. 0) ERROR cannot find video stream with wanted index: -1
INFO:root:Corrupted file: k400/train/Ud9poTS_URE.mp4
INFO:root:Error reading k400/train/Ud9poTS_URE.mp4...
INFO:root:Corrupted file: k400/train/efTAWmCkLKE.mp4
INFO:root:[21:19:27] /github/workspace/src/video/video_reader.cc:151: Check failed: st_nb >= 0 (-1381258232 vs. 0) ERROR cannot find video stream with wanted index: -1
INFO:root:Corrupted file: k400/train/lm6qgrfJGmw.mp4
INFO:root:Error reading k400/train/lm6qgrfJGmw.mp4...
INFO:root:Corrupted file: k400/train/B6GxQKcL7IY.mp4
INFO:root:Error reading k400/train/B6GxQKcL7IY.mp4...
INFO:root:Corrupted file: k400/train/OErKBwdGJIk.mp4
INFO:root:[21:27:06] /github/workspace/src/video/video_reader.cc:151: Check failed: st_nb >= 0 (-1381258232 vs. 0) ERROR cannot find video stream with wanted index: -1
INFO:root:Corrupted file: k400/train/nfjWfoyGApo.mp4
INFO:root:[21:33:05] /github/workspace/src/video/video_reader.cc:151: Check failed: st_nb >= 0 (-1381258232 vs. 0) ERROR cannot find video stream with wanted index: -1
INFO:root:Corrupted file: k400/train/E2kUsRIj4tM.mp4
INFO:root:Error reading k400/train/E2kUsRIj4tM.mp4...
INFO:root:Corrupted file: k400/train/pDPbETciXhw.mp4
INFO:root:[21:36:33] /github/workspace/src/video/video_reader.cc:151: Check failed: st_nb >= 0 (-1381258232 vs. 0) ERROR cannot find video stream with wanted index: -1
INFO:root:Corrupted file: k400/train/wL1Bit-Gv40.mp4
INFO:root:Error reading k400/train/wL1Bit-Gv40.mp4...
INFO:root:Corrupted file: k400/train/UbQsEI_KkBs.mp4
INFO:root:Error reading k400/train/UbQsEI_KkBs.mp4...
INFO:root:Corrupted file: k400/train/ixQrfusr6k8.mp4
INFO:root:[21:47:44] /github/workspace/src/video/video_reader.cc:151: Check failed: st_nb >= 0 (-1381258232 vs. 0) ERROR cannot find video stream with wanted index: -1
INFO:root:Corrupted file: k400/train/f4eb0wOlspM.mp4
INFO:root:[21:48:55] /github/workspace/src/video/video_reader.cc:151: Check failed: st_nb >= 0 (-1381258232 vs. 0) ERROR cannot find video stream with wanted index: -1
INFO:root:Corrupted file: k400/train/UdMCrOIUQrw.mp4
INFO:root:Error reading k400/train/UdMCrOIUQrw.mp4...
INFO:root:Corrupted file: k400/train/_M6Ko0yRfD4.mp4
INFO:root:[21:54:21] /github/workspace/src/video/video_reader.cc:151: Check failed: st_nb >= 0 (-1381258232 vs. 0) ERROR cannot find video stream with wanted index: -1
INFO:root:Corrupted file: k400/train/eiZ8Hzc7FPU.mp4
INFO:root:[21:57:19] /github/workspace/src/video/video_reader.cc:151: Check failed: st_nb >= 0 (-1381258232 vs. 0) ERROR cannot find video stream with wanted index: -1
INFO:root:Corrupted file: k400/train/QhF1i23vwps.mp4
INFO:root:Error reading k400/train/QhF1i23vwps.mp4...
INFO:root:Corrupted file: k400/train/uGQgxFHemyA.mp4
INFO:root:[21:57:26] /github/workspace/src/video/video_reader.cc:151: Check failed: st_nb >= 0 (-1381258232 vs. 0) ERROR cannot find video stream with wanted index: -1
INFO:root:Corrupted file: k400/train/UnGxFi0H5UA.mp4
INFO:root:Error reading k400/train/UnGxFi0H5UA.mp4...
INFO:root:Corrupted file: k400/train/SZtj2TEWiHc.mp4
INFO:root:[21:58:47] /github/workspace/src/video/video_reader.cc:151: Check failed: st_nb >= 0 (-1381258232 vs. 0) ERROR cannot find video stream with wanted index: -1
INFO:root:Corrupted file: k400/train/6-DyF8umej8.mp4
INFO:root:[22:01:48] /github/workspace/src/video/video_reader.cc:151: Check failed: st_nb >= 0 (-1381258232 vs. 0) ERROR cannot find video stream with wanted index: -1
INFO:root:Corrupted file: k400/train/lk5Ap5gZNj0.mp4
INFO:root:[22:01:57] /github/workspace/src/video/video_reader.cc:151: Check failed: st_nb >= 0 (-1381258232 vs. 0) ERROR cannot find video stream with wanted index: -1
INFO:root:Corrupted file: k400/train/5_gyoV_sQXU.mp4
INFO:root:[22:03:39] /github/workspace/src/video/video_reader.cc:151: Check failed: st_nb >= 0 (-1381258232 vs. 0) ERROR cannot find video stream with wanted index: -1
INFO:root:Corrupted file: k400/train/du6bfkBEfVs.mp4
INFO:root:Error reading k400/train/du6bfkBEfVs.mp4...
INFO:root:Corrupted file: k400/train/4bhvIHWADVU.mp4
INFO:root:[22:09:52] /github/workspace/src/video/video_reader.cc:151: Check failed: st_nb >= 0 (-1381258232 vs. 0) ERROR cannot find video stream with wanted index: -1
INFO:root:Corrupted file: k400/train/YCQlaH_Vy8I.mp4
INFO:root:Error reading k400/train/YCQlaH_Vy8I.mp4...
INFO:root:Corrupted file: k400/train/wKsuyr6Xk30.mp4
INFO:root:[22:10:20] /github/workspace/src/video/video_reader.cc:151: Check failed: st_nb >= 0 (-1381258232 vs. 0) ERROR cannot find video stream with wanted index: -1
INFO:root:Corrupted file: k400/train/_cbZlhduYJY.mp4
INFO:root:Error reading k400/train/_cbZlhduYJY.mp4...
INFO:root:Corrupted file: k400/train/UfkWCSho6qg.mp4
INFO:root:Error reading k400/train/UfkWCSho6qg.mp4...
INFO:root:Corrupted file: k400/train/GkGS69GCx4Q.mp4
INFO:root:Error reading k400/train/GkGS69GCx4Q.mp4...
INFO:root:Corrupted file: k400/train/oyj6TFAxpiw.mp4
INFO:root:[22:22:18] /github/workspace/src/video/video_reader.cc:151: Check failed: st_nb >= 0 (-1381258232 vs. 0) ERROR cannot find video stream with wanted index: -1
INFO:root:Corrupted file: k400/train/EuGXJiVQwCg.mp4
INFO:root:[22:22:43] /github/workspace/src/video/video_reader.cc:151: Check failed: st_nb >= 0 (-1381258232 vs. 0) ERROR cannot find video stream with wanted index: -1
INFO:root:Corrupted file: k400/train/QzmhrYx15_E.mp4
INFO:root:Error reading k400/train/QzmhrYx15_E.mp4...
INFO:root:Corrupted file: k400/train/gSjHCbS_u0Y.mp4
INFO:root:[22:24:50] /github/workspace/src/video/video_reader.cc:151: Check failed: st_nb >= 0 (-1381258232 vs. 0) ERROR cannot find video stream with wanted index: -1
INFO:root:Corrupted file: k400/train/ZtCk_0cMZ9U.mp4
INFO:root:Error reading k400/train/ZtCk_0cMZ9U.mp4...
INFO:root:Corrupted file: k400/train/Df6CGDjUkAA.mp4
INFO:root:Error reading k400/train/Df6CGDjUkAA.mp4...
INFO:root:Corrupted file: k400/train/co50KUHacYw.mp4
INFO:root:[22:36:04] /github/workspace/src/video/video_reader.cc:151: Check failed: st_nb >= 0 (-1381258232 vs. 0) ERROR cannot find video stream with wanted index: -1
INFO:root:Corrupted file: k400/train/9D0o8lh8oeY.mp4
INFO:root:[22:38:53] /github/workspace/src/video/video_reader.cc:151: Check failed: st_nb >= 0 (-1381258232 vs. 0) ERROR cannot find video stream with wanted index: -1
INFO:root:Corrupted file: k400/train/d_vQWquKtBg.mp4
INFO:root:Error reading k400/train/d_vQWquKtBg.mp4...
INFO:root:Corrupted file: k400/train/DSNcuU-e8bU.mp4
INFO:root:[22:41:53] /github/workspace/src/video/video_reader.cc:151: Check failed: st_nb >= 0 (-1381258232 vs. 0) ERROR cannot find video stream with wanted index: -1
INFO:root:Corrupted file: k400/train/bgCrldl9pQ8.mp4
INFO:root:[22:42:49] /github/workspace/src/video/video_reader.cc:151: Check failed: st_nb >= 0 (-1381258232 vs. 0) ERROR cannot find video stream with wanted index: -1
INFO:root:Corrupted file: k400/train/E2NeSaQieHk.mp4
INFO:root:Error reading k400/train/E2NeSaQieHk.mp4...
INFO:root:Corrupted file: k400/train/bOU2oGVBM_o.mp4
INFO:root:Error reading k400/train/bOU2oGVBM_o.mp4...
INFO:root:Corrupted file: k400/train/J5xNIJlfBAw.mp4
INFO:root:Error reading k400/train/J5xNIJlfBAw.mp4...
INFO:root:Corrupted file: k400/train/rba-NkJjSNg.mp4
INFO:root:Error reading k400/train/rba-NkJjSNg.mp4...
INFO:root:Corrupted file: k400/train/N74EWF0fs5c.mp4
INFO:root:Error reading k400/train/N74EWF0fs5c.mp4...
INFO:root:Corrupted file: k400/train/mtYFNsRcxY4.mp4
INFO:root:[22:56:26] /github/workspace/src/video/video_reader.cc:151: Check failed: st_nb >= 0 (-1381258232 vs. 0) ERROR cannot find video stream with wanted index: -1
INFO:root:Corrupted file: k400/train/8iED0lhyrN8.mp4
INFO:root:Error reading k400/train/8iED0lhyrN8.mp4...
INFO:root:Corrupted file: k400/train/3VvkoFtPCCU.mp4
INFO:root:[22:58:39] /github/workspace/src/video/video_reader.cc:151: Check failed: st_nb >= 0 (-1381258232 vs. 0) ERROR cannot find video stream with wanted index: -1
INFO:root:Corrupted file: k400/train/aCcAcCE7Ixo.mp4
INFO:root:Error reading k400/train/aCcAcCE7Ixo.mp4...
INFO:root:Corrupted file: k400/train/GN37yfNvQwM.mp4
INFO:root:Error reading k400/train/GN37yfNvQwM.mp4...
INFO:root:Corrupted file: k400/train/1oyrWyrgTws.mp4
INFO:root:Error reading k400/train/1oyrWyrgTws.mp4...
INFO:root:Corrupted file: k400/train/fXRNY6-s-7U.mp4
INFO:root:Error reading k400/train/fXRNY6-s-7U.mp4...
INFO:root:Corrupted file: k400/train/aj1bmhf-IyU.mp4
INFO:root:[23:06:00] /github/workspace/src/video/video_reader.cc:151: Check failed: st_nb >= 0 (-1381258232 vs. 0) ERROR cannot find video stream with wanted index: -1
INFO:root:Corrupted file: k400/test/XFkykETgkoo.mp4
INFO:root:[23:07:52] /github/workspace/src/video/video_reader.cc:151: Check failed: st_nb >= 0 (-1381258232 vs. 0) ERROR cannot find video stream with wanted index: -1
INFO:root:Corrupted file: k400/test/IhanWvpHGu8.mp4
INFO:root:[23:12:59] /github/workspace/src/video/video_reader.cc:151: Check failed: st_nb >= 0 (-1381258232 vs. 0) ERROR cannot find video stream with wanted index: -1
INFO:root:Corrupted file: k400/test/916xzWuNP0I.mp4
INFO:root:Out of bound indices: [1 2]
INFO:root:Corrupted file: k400/test/z35QkFl2tyU.mp4
INFO:root:[23:13:25] /github/workspace/src/video/video_reader.cc:151: Check failed: st_nb >= 0 (-1381258232 vs. 0) ERROR cannot find video stream with wanted index: -1
INFO:root:Corrupted file: k400/test/B4bn9G6__sY.mp4
INFO:root:[23:13:49] /github/workspace/src/video/video_reader.cc:151: Check failed: st_nb >= 0 (-1381258232 vs. 0) ERROR cannot find video stream with wanted index: -1
INFO:root:Corrupted file: k400/test/kinMMqkswUk.mp4
INFO:root:[23:15:02] /github/workspace/src/video/video_reader.cc:151: Check failed: st_nb >= 0 (-1381258232 vs. 0) ERROR cannot find video stream with wanted index: -1
INFO:root:Corrupted file: k400/test/305P2f9_lko.mp4
INFO:root:[23:15:23] /github/workspace/src/video/video_reader.cc:151: Check failed: st_nb >= 0 (-1381258232 vs. 0) ERROR cannot find video stream with wanted index: -1
INFO:root:Corrupted file: k400/test/jJFqy6yiXzQ.mp4
INFO:root:[23:15:26] /github/workspace/src/video/video_reader.cc:151: Check failed: st_nb >= 0 (-1381258232 vs. 0) ERROR cannot find video stream with wanted index: -1
INFO:root:Corrupted file: k400/test/084k_RL3ApU.mp4
INFO:root:[23:16:28] /github/workspace/src/video/video_reader.cc:151: Check failed: st_nb >= 0 (-1381258232 vs. 0) ERROR cannot find video stream with wanted index: -1
INFO:root:Corrupted file: k400/test/BvBVQmm2RcM.mp4
INFO:root:[23:16:54] /github/workspace/src/video/video_reader.cc:151: Check failed: st_nb >= 0 (-1381258232 vs. 0) ERROR cannot find video stream with wanted index: -1
INFO:root:Corrupted file: k400/test/74iWTzKsHPI.mp4
INFO:root:[23:17:51] /github/workspace/src/video/video_reader.cc:151: Check failed: st_nb >= 0 (-1381258232 vs. 0) ERROR cannot find video stream with wanted index: -1
INFO:root:Corrupted file: k400/test/y7cYaYX4gdw.mp4
INFO:root:[23:17:52] /github/workspace/src/video/video_reader.cc:151: Check failed: st_nb >= 0 (-1381258232 vs. 0) ERROR cannot find video stream with wanted index: -1
INFO:root:Corrupted file: k400/test/2xWiEVNUvhE.mp4
INFO:root:[23:22:32] /github/workspace/src/video/video_reader.cc:151: Check failed: st_nb >= 0 (-1381258232 vs. 0) ERROR cannot find video stream with wanted index: -1
INFO:root:Corrupted file: k400/test/CxjipYE57Yo.mp4
INFO:root:[23:23:29] /github/workspace/src/video/video_reader.cc:151: Check failed: st_nb >= 0 (-1381258232 vs. 0) ERROR cannot find video stream with wanted index: -1
INFO:root:Corrupted file: k400/test/Lw14NH9kAqE.mp4
INFO:root:[23:28:05] /github/workspace/src/video/video_reader.cc:151: Check failed: st_nb >= 0 (-1381258232 vs. 0) ERROR cannot find video stream with wanted index: -1
INFO:root:Corrupted file: k400/val/I0luMKjIZyg.mp4
INFO:root:[23:34:03] /github/workspace/src/video/video_reader.cc:151: Check failed: st_nb >= 0 (-1381258232 vs. 0) ERROR cannot find video stream with wanted index: -1
INFO:root:Corrupted file: k400/val/sAA809R_u1E.mp4
INFO:root:[23:35:42] /github/workspace/src/video/video_reader.cc:151: Check failed: st_nb >= 0 (-1381258232 vs. 0) ERROR cannot find video stream with wanted index: -1
INFO:root:Corrupted file: k400/val/QfuO07EqYhI.mp4
INFO:root:[23:39:23] /github/workspace/src/video/video_reader.cc:151: Check failed: st_nb >= 0 (-1381258232 vs. 0) ERROR cannot find video stream with wanted index: -1
INFO:root:Corrupted file: k400/val/_6uq-NBo3Bk.mp4
INFO:root:[23:39:38] /github/workspace/src/video/video_reader.cc:151: Check failed: st_nb >= 0 (-1381258232 vs. 0) ERROR cannot find video stream with wanted index: -1
